Release 14.7 - xst P.20131013 (nt64)
Copyright (c) 1995-2013 Xilinx, Inc.  All rights reserved.
--> Parameter TMPDIR set to xst/projnav.tmp


Total REAL time to Xst completion: 0.00 secs
Total CPU time to Xst completion: 0.09 secs
 
--> Parameter xsthdpdir set to xst


Total REAL time to Xst completion: 0.00 secs
Total CPU time to Xst completion: 0.09 secs
 
--> Reading design: aluparam_behav.prj

TABLE OF CONTENTS
  1) Synthesis Options Summary
  2) HDL Parsing
  3) HDL Elaboration
  4) HDL Synthesis
       4.1) HDL Synthesis Report
  5) Advanced HDL Synthesis
       5.1) Advanced HDL Synthesis Report
  6) Low Level Synthesis
  7) Partition Report
  8) Design Summary
       8.1) Primitive and Black Box Usage
       8.2) Device utilization summary
       8.3) Partition Resource Summary
       8.4) Timing Report
            8.4.1) Clock Information
            8.4.2) Asynchronous Control Signals Information
            8.4.3) Timing Summary
            8.4.4) Timing Details
            8.4.5) Cross Clock Domains Report


=========================================================================
*                      Synthesis Options Summary                        *
=========================================================================
---- Source Parameters
Input File Name                    : "aluparam_behav.prj"
Ignore Synthesis Constraint File   : NO

---- Target Parameters
Output File Name                   : "aluparam_behav"
Output Format                      : NGC
Target Device                      : xc6slx16-3-csg324

---- Source Options
Top Module Name                    : aluparam_behav
Automatic FSM Extraction           : YES
FSM Encoding Algorithm             : Auto
Safe Implementation                : No
FSM Style                          : LUT
RAM Extraction                     : Yes
RAM Style                          : Auto
ROM Extraction                     : Yes
Shift Register Extraction          : YES
ROM Style                          : Auto
Resource Sharing                   : YES
Asynchronous To Synchronous        : NO
Shift Register Minimum Size        : 2
Use DSP Block                      : Auto
Automatic Register Balancing       : No

---- Target Options
LUT Combining                      : Auto
Reduce Control Sets                : Auto
Add IO Buffers                     : YES
Global Maximum Fanout              : 100000
Add Generic Clock Buffer(BUFG)     : 16
Register Duplication               : YES
Optimize Instantiated Primitives   : NO
Use Clock Enable                   : Auto
Use Synchronous Set                : Auto
Use Synchronous Reset              : Auto
Pack IO Registers into IOBs        : Auto
Equivalent register Removal        : YES

---- General Options
Optimization Goal                  : Speed
Optimization Effort                : 1
Power Reduction                    : NO
Keep Hierarchy                     : No
Netlist Hierarchy                  : As_Optimized
RTL Output                         : Yes
Global Optimization                : AllClockNets
Read Cores                         : YES
Write Timing Constraints           : NO
Cross Clock Analysis               : NO
Hierarchy Separator                : /
Bus Delimiter                      : <>
Case Specifier                     : Maintain
Slice Utilization Ratio            : 100
BRAM Utilization Ratio             : 100
DSP48 Utilization Ratio            : 100
Auto BRAM Packing                  : NO
Slice Utilization Ratio Delta      : 5

=========================================================================


=========================================================================
*                          HDL Parsing                                  *
=========================================================================
Analyzing Verilog file "C:\Users\Joseph\Documents\Xilinx\HW2\aluparam_behav.v" into library work
Parsing module <aluparam_behav>.

=========================================================================
*                            HDL Elaboration                            *
=========================================================================

Elaborating module <aluparam_behav>.
WARNING:HDLCompiler:413 - "C:\Users\Joseph\Documents\Xilinx\HW2\aluparam_behav.v" Line 60: Result of 32-bit expression is truncated to fit in 1-bit target.
WARNING:HDLCompiler:413 - "C:\Users\Joseph\Documents\Xilinx\HW2\aluparam_behav.v" Line 63: Result of 32-bit expression is truncated to fit in 17-bit target.
WARNING:HDLCompiler:413 - "C:\Users\Joseph\Documents\Xilinx\HW2\aluparam_behav.v" Line 64: Result of 32-bit expression is truncated to fit in 1-bit target.
WARNING:HDLCompiler:1127 - "C:\Users\Joseph\Documents\Xilinx\HW2\aluparam_behav.v" Line 38: Assignment to trash ignored, since the identifier is never used

=========================================================================
*                           HDL Synthesis                               *
=========================================================================

Synthesizing Unit <aluparam_behav>.
    Related source file is "C:\Users\Joseph\Documents\Xilinx\HW2\aluparam_behav.v".
        BITSIZE = 16
    Found 17-bit adder for signal <n0094> created at line 59.
    Found 32-bit adder for signal <n0098> created at line 63.
    Found 32-bit adder for signal <n0068> created at line 63.
    Found 32-bit comparator greater for signal <n0006> created at line 60
    Found 32-bit comparator greater for signal <n0008> created at line 60
    Found 32-bit comparator greater for signal <GND_1_o_A[15]_LessThan_8_o> created at line 60
    Found 32-bit comparator greater for signal <GND_1_o_GND_1_o_LessThan_18_o> created at line 64
    Found 16-bit comparator greater for signal <A[15]_B[15]_LessThan_37_o> created at line 78
    Summary:
	inferred   3 Adder/Subtractor(s).
	inferred   5 Comparator(s).
	inferred   1 Multiplexer(s).
Unit <aluparam_behav> synthesized.

=========================================================================
HDL Synthesis Report

Macro Statistics
# Adders/Subtractors                                   : 3
 17-bit adder                                          : 1
 32-bit adder                                          : 2
# Comparators                                          : 5
 16-bit comparator greater                             : 1
 32-bit comparator greater                             : 4
# Multiplexers                                         : 1
 1-bit 2-to-1 multiplexer                              : 1
# Xors                                                 : 1
 16-bit xor2                                           : 1

=========================================================================

=========================================================================
*                       Advanced HDL Synthesis                          *
=========================================================================


=========================================================================
Advanced HDL Synthesis Report

Macro Statistics
# Adders/Subtractors                                   : 2
 16-bit adder carry in                                 : 1
 17-bit adder                                          : 1
# Comparators                                          : 5
 16-bit comparator greater                             : 1
 32-bit comparator greater                             : 4
# Xors                                                 : 1
 16-bit xor2                                           : 1

=========================================================================

=========================================================================
*                         Low Level Synthesis                           *
=========================================================================

Optimizing unit <aluparam_behav> ...

Mapping all equations...
Building and optimizing final netlist ...
Found area constraint ratio of 100 (+ 5) on block aluparam_behav, actual ratio is 1.

Final Macro Processing ...

=========================================================================
Final Register Report

Found no macro
=========================================================================

=========================================================================
*                           Partition Report                            *
=========================================================================

Partition Implementation Status
-------------------------------

  No Partitions were found in this design.

-------------------------------

=========================================================================
*                            Design Summary                             *
=========================================================================

Top Level Output File Name         : aluparam_behav.ngc

Primitive and Black Box Usage:
------------------------------
# BELS                             : 174
#      GND                         : 1
#      LUT2                        : 32
#      LUT3                        : 1
#      LUT4                        : 29
#      LUT5                        : 19
#      LUT6                        : 20
#      MUXCY                       : 38
#      MUXF7                       : 1
#      VCC                         : 1
#      XORCY                       : 32
# IO Buffers                       : 68
#      IBUF                        : 36
#      OBUF                        : 32

Device utilization summary:
---------------------------

Selected Device : 6slx16csg324-3 


Slice Logic Utilization: 
 Number of Slice LUTs:                  101  out of   9112     1%  
    Number used as Logic:               101  out of   9112     1%  

Slice Logic Distribution: 
 Number of LUT Flip Flop pairs used:    101
   Number with an unused Flip Flop:     101  out of    101   100%  
   Number with an unused LUT:             0  out of    101     0%  
   Number of fully used LUT-FF pairs:     0  out of    101     0%  
   Number of unique control sets:         0

IO Utilization: 
 Number of IOs:                          68
 Number of bonded IOBs:                  68  out of    232    29%  

Specific Feature Utilization:

---------------------------
Partition Resource Summary:
---------------------------

  No Partitions were found in this design.

---------------------------


=========================================================================
Timing Report

NOTE: THESE TIMING NUMBERS ARE ONLY A SYNTHESIS ESTIMATE.
      FOR ACCURATE TIMING INFORMATION PLEASE REFER TO THE TRACE REPORT
      GENERATED AFTER PLACE-and-ROUTE.

Clock Information:
------------------
No clock signals found in this design

Asynchronous Control Signals Information:
----------------------------------------
No asynchronous control signals found in this design

Timing Summary:
---------------
Speed Grade: -3

   Minimum period: No path found
   Minimum input arrival time before clock: No path found
   Maximum output required time after clock: No path found
   Maximum combinational path delay: 10.100ns

Timing Details:
---------------
All values displayed in nanoseconds (ns)

=========================================================================
Timing constraint: Default path analysis
  Total number of paths / destination ports: 2239 / 21
-------------------------------------------------------------------------
Delay:               10.100ns (Levels of Logic = 15)
  Source:            A<0> (PAD)
  Destination:       flags<6> (PAD)

  Data Path: A<0> to flags<6>
                                Gate     Net
    Cell:in->out      fanout   Delay   Delay  Logical Name (Net Name)
    ----------------------------------------  ------------
     IBUF:I->O             6   1.222   0.849  A_0_IBUF (A_0_IBUF)
     LUT2:I0->O            1   0.203   0.000  Madd_n0068_Madd_Madd_lut<0> (Madd_n0068_Madd_Madd_lut<0>)
     MUXCY:S->O            1   0.172   0.000  Madd_n0068_Madd_Madd_cy<0> (Madd_n0068_Madd_Madd_cy<0>)
     MUXCY:CI->O           1   0.019   0.000  Madd_n0068_Madd_Madd_cy<1> (Madd_n0068_Madd_Madd_cy<1>)
     MUXCY:CI->O           1   0.019   0.000  Madd_n0068_Madd_Madd_cy<2> (Madd_n0068_Madd_Madd_cy<2>)
     MUXCY:CI->O           1   0.019   0.000  Madd_n0068_Madd_Madd_cy<3> (Madd_n0068_Madd_Madd_cy<3>)
     MUXCY:CI->O           1   0.019   0.000  Madd_n0068_Madd_Madd_cy<4> (Madd_n0068_Madd_Madd_cy<4>)
     MUXCY:CI->O           1   0.019   0.000  Madd_n0068_Madd_Madd_cy<5> (Madd_n0068_Madd_Madd_cy<5>)
     MUXCY:CI->O           1   0.019   0.000  Madd_n0068_Madd_Madd_cy<6> (Madd_n0068_Madd_Madd_cy<6>)
     XORCY:CI->O           1   0.180   0.684  Madd_n0068_Madd_Madd_xor<7> (n0068<7>)
     LUT5:I3->O            1   0.203   0.808  Y<7>2 (Y<7>2)
     LUT4:I1->O            2   0.205   0.981  Y<7>3 (Y_7_OBUF)
     LUT6:I0->O            1   0.203   0.924  flagreg<6><7>1 (flagreg<6><7>)
     LUT6:I1->O            1   0.203   0.579  flagreg<6><7>3 (flags_6_OBUF)
     OBUF:I->O                 2.571          flags_6_OBUF (flags<6>)
    ----------------------------------------
    Total                     10.100ns (5.276ns logic, 4.824ns route)
                                       (52.2% logic, 47.8% route)

=========================================================================

Cross Clock Domains Report:
--------------------------

=========================================================================


Total REAL time to Xst completion: 6.00 secs
Total CPU time to Xst completion: 6.20 secs
 
--> 

Total memory usage is 262056 kilobytes

Number of errors   :    0 (   0 filtered)
Number of warnings :    4 (   0 filtered)
Number of infos    :    0 (   0 filtered)

