Release 14.7 - xst P.20131013 (nt64)
Copyright (c) 1995-2013 Xilinx, Inc.  All rights reserved.
--> Parameter TMPDIR set to xst/projnav.tmp


Total REAL time to Xst completion: 1.00 secs
Total CPU time to Xst completion: 0.09 secs
 
--> Parameter xsthdpdir set to xst


Total REAL time to Xst completion: 1.00 secs
Total CPU time to Xst completion: 0.09 secs
 
--> Reading design: regfileparam.prj

TABLE OF CONTENTS
  1) Synthesis Options Summary
  2) HDL Parsing
  3) HDL Elaboration
  4) HDL Synthesis
       4.1) HDL Synthesis Report
  5) Advanced HDL Synthesis
       5.1) Advanced HDL Synthesis Report
  6) Low Level Synthesis
  7) Partition Report
  8) Design Summary
       8.1) Primitive and Black Box Usage
       8.2) Device utilization summary
       8.3) Partition Resource Summary
       8.4) Timing Report
            8.4.1) Clock Information
            8.4.2) Asynchronous Control Signals Information
            8.4.3) Timing Summary
            8.4.4) Timing Details
            8.4.5) Cross Clock Domains Report


=========================================================================
*                      Synthesis Options Summary                        *
=========================================================================
---- Source Parameters
Input File Name                    : "regfileparam.prj"
Ignore Synthesis Constraint File   : NO

---- Target Parameters
Output File Name                   : "regfileparam"
Output Format                      : NGC
Target Device                      : xc6slx16-3-csg324

---- Source Options
Top Module Name                    : regfileparam
Automatic FSM Extraction           : YES
FSM Encoding Algorithm             : Auto
Safe Implementation                : No
FSM Style                          : LUT
RAM Extraction                     : Yes
RAM Style                          : Auto
ROM Extraction                     : Yes
Shift Register Extraction          : YES
ROM Style                          : Auto
Resource Sharing                   : YES
Asynchronous To Synchronous        : NO
Shift Register Minimum Size        : 2
Use DSP Block                      : Auto
Automatic Register Balancing       : No

---- Target Options
LUT Combining                      : Auto
Reduce Control Sets                : Auto
Add IO Buffers                     : YES
Global Maximum Fanout              : 100000
Add Generic Clock Buffer(BUFG)     : 16
Register Duplication               : YES
Optimize Instantiated Primitives   : NO
Use Clock Enable                   : Auto
Use Synchronous Set                : Auto
Use Synchronous Reset              : Auto
Pack IO Registers into IOBs        : Auto
Equivalent register Removal        : YES

---- General Options
Optimization Goal                  : Speed
Optimization Effort                : 1
Power Reduction                    : NO
Keep Hierarchy                     : No
Netlist Hierarchy                  : As_Optimized
RTL Output                         : Yes
Global Optimization                : AllClockNets
Read Cores                         : YES
Write Timing Constraints           : NO
Cross Clock Analysis               : NO
Hierarchy Separator                : /
Bus Delimiter                      : <>
Case Specifier                     : Maintain
Slice Utilization Ratio            : 100
BRAM Utilization Ratio             : 100
DSP48 Utilization Ratio            : 100
Auto BRAM Packing                  : NO
Slice Utilization Ratio Delta      : 5

=========================================================================


=========================================================================
*                          HDL Parsing                                  *
=========================================================================
Analyzing Verilog file "C:\Users\Joseph\Documents\Xilinx\HW2\regparam.v" into library work
Parsing module <regparam>.
Analyzing Verilog file "C:\Users\Joseph\Documents\Xilinx\HW2\muxparam.v" into library work
Parsing module <muxparam>.
Parsing verilog file "CLOG2.v" included at line 30.
WARNING:HDLCompiler:991 - "C:\Users\Joseph\Documents\Xilinx\HW2\muxparam.v" Line 50: Event expressions must result in a singular type
Analyzing Verilog file "C:\Users\Joseph\Documents\Xilinx\HW2\decoderparam.v" into library work
Parsing module <decoderparam>.
Analyzing Verilog file "C:\Users\Joseph\Documents\Xilinx\HW2\regfileparam.v" into library work
Parsing module <regfileparam>.

=========================================================================
*                            HDL Elaboration                            *
=========================================================================

Elaborating module <regfileparam>.

Elaborating module <decoderparam(WIDTH=4)>.

Elaborating module <regparam(SIZE=16)>.

Elaborating module <muxparam(WIDTH=32'sb010000,BITSIZE=16)>.

=========================================================================
*                           HDL Synthesis                               *
=========================================================================

Synthesizing Unit <regfileparam>.
    Related source file is "C:\Users\Joseph\Documents\Xilinx\HW2\regfileparam.v".
        BITSIZE = 16
        ADDSIZE = 4
    Summary:
	no macro.
Unit <regfileparam> synthesized.

Synthesizing Unit <decoderparam>.
    Related source file is "C:\Users\Joseph\Documents\Xilinx\HW2\decoderparam.v".
        WIDTH = 4
    Summary:
	no macro.
Unit <decoderparam> synthesized.

Synthesizing Unit <regparam>.
    Related source file is "C:\Users\Joseph\Documents\Xilinx\HW2\regparam.v".
        SIZE = 16
    Found 16-bit register for signal <Q>.
    Summary:
	inferred  16 D-type flip-flop(s).
Unit <regparam> synthesized.

Synthesizing Unit <muxparam>.
    Related source file is "C:\Users\Joseph\Documents\Xilinx\HW2\muxparam.v".
        WIDTH = 16
        BITSIZE = 16
    Summary:
	inferred  15 Multiplexer(s).
Unit <muxparam> synthesized.

=========================================================================
HDL Synthesis Report

Macro Statistics
# Registers                                            : 16
 16-bit register                                       : 16
# Multiplexers                                         : 30
 16-bit 2-to-1 multiplexer                             : 30

=========================================================================

=========================================================================
*                       Advanced HDL Synthesis                          *
=========================================================================


=========================================================================
Advanced HDL Synthesis Report

Macro Statistics
# Registers                                            : 256
 Flip-Flops                                            : 256
# Multiplexers                                         : 30
 16-bit 2-to-1 multiplexer                             : 30

=========================================================================

=========================================================================
*                         Low Level Synthesis                           *
=========================================================================

Optimizing unit <regfileparam> ...

Mapping all equations...
Building and optimizing final netlist ...
Found area constraint ratio of 100 (+ 5) on block regfileparam, actual ratio is 5.

Final Macro Processing ...

=========================================================================
Final Register Report

Macro Statistics
# Registers                                            : 256
 Flip-Flops                                            : 256

=========================================================================

=========================================================================
*                           Partition Report                            *
=========================================================================

Partition Implementation Status
-------------------------------

  No Partitions were found in this design.

-------------------------------

=========================================================================
*                            Design Summary                             *
=========================================================================

Top Level Output File Name         : regfileparam.ngc

Primitive and Black Box Usage:
------------------------------
# BELS                             : 245
#      INV                         : 5
#      LUT5                        : 16
#      LUT6                        : 128
#      MUXF7                       : 64
#      MUXF8                       : 32
# FlipFlops/Latches                : 256
#      FDCE                        : 256
# Clock Buffers                    : 1
#      BUFGP                       : 1
# IO Buffers                       : 62
#      IBUF                        : 30
#      OBUF                        : 32

Device utilization summary:
---------------------------

Selected Device : 6slx16csg324-3 


Slice Logic Utilization: 
 Number of Slice Registers:             256  out of  18224     1%  
 Number of Slice LUTs:                  149  out of   9112     1%  
    Number used as Logic:               149  out of   9112     1%  

Slice Logic Distribution: 
 Number of LUT Flip Flop pairs used:    267
   Number with an unused Flip Flop:      11  out of    267     4%  
   Number with an unused LUT:           118  out of    267    44%  
   Number of fully used LUT-FF pairs:   138  out of    267    51%  
   Number of unique control sets:        16

IO Utilization: 
 Number of IOs:                          63
 Number of bonded IOBs:                  63  out of    232    27%  

Specific Feature Utilization:
 Number of BUFG/BUFGCTRLs:                1  out of     16     6%  

---------------------------
Partition Resource Summary:
---------------------------

  No Partitions were found in this design.

---------------------------


=========================================================================
Timing Report

NOTE: THESE TIMING NUMBERS ARE ONLY A SYNTHESIS ESTIMATE.
      FOR ACCURATE TIMING INFORMATION PLEASE REFER TO THE TRACE REPORT
      GENERATED AFTER PLACE-and-ROUTE.

Clock Information:
------------------
-----------------------------------+------------------------+-------+
Clock Signal                       | Clock buffer(FF name)  | Load  |
-----------------------------------+------------------------+-------+
clk                                | BUFGP                  | 256   |
-----------------------------------+------------------------+-------+

Asynchronous Control Signals Information:
----------------------------------------
No asynchronous control signals found in this design

Timing Summary:
---------------
Speed Grade: -3

   Minimum period: No path found
   Minimum input arrival time before clock: 4.503ns
   Maximum output required time after clock: 4.956ns
   Maximum combinational path delay: 6.871ns

Timing Details:
---------------
All values displayed in nanoseconds (ns)

=========================================================================
Timing constraint: Default OFFSET IN BEFORE for Clock 'clk'
  Total number of paths / destination ports: 1792 / 768
-------------------------------------------------------------------------
Offset:              4.503ns (Levels of Logic = 2)
  Source:            rst (PAD)
  Destination:       GEN_REGS[15].regs/Q_15 (FF)
  Destination Clock: clk rising

  Data Path: rst to GEN_REGS[15].regs/Q_15
                                Gate     Net
    Cell:in->out      fanout   Delay   Delay  Logical Name (Net Name)
    ----------------------------------------  ------------
     IBUF:I->O             1   1.222   0.579  rst_IBUF (rst_IBUF)
     INV:I->O            256   0.206   2.066  GEN_REGS[0].regs/rst_inv1_INV_0 (GEN_REGS[0].regs/rst_inv)
     FDCE:CLR                  0.430          GEN_REGS[0].regs/Q_0
    ----------------------------------------
    Total                      4.503ns (1.858ns logic, 2.645ns route)
                                       (41.3% logic, 58.7% route)

=========================================================================
Timing constraint: Default OFFSET OUT AFTER for Clock 'clk'
  Total number of paths / destination ports: 512 / 32
-------------------------------------------------------------------------
Offset:              4.956ns (Levels of Logic = 4)
  Source:            GEN_REGS[2].regs/Q_15 (FF)
  Destination:       adat<15> (PAD)
  Source Clock:      clk rising

  Data Path: GEN_REGS[2].regs/Q_15 to adat<15>
                                Gate     Net
    Cell:in->out      fanout   Delay   Delay  Logical Name (Net Name)
    ----------------------------------------  ------------
     FDCE:C->Q             2   0.447   0.864  GEN_REGS[2].regs/Q_15 (GEN_REGS[2].regs/Q_15)
     LUT6:I2->O            1   0.203   0.000  read2/Mmux_y_46 (read2/Mmux_y_46)
     MUXF7:I1->O           1   0.140   0.000  read2/Mmux_y_3_f7_5 (read2/Mmux_y_3_f76)
     MUXF8:I1->O           1   0.152   0.579  read2/Mmux_y_2_f8_5 (bdat_15_OBUF)
     OBUF:I->O                 2.571          bdat_15_OBUF (bdat<15>)
    ----------------------------------------
    Total                      4.956ns (3.513ns logic, 1.443ns route)
                                       (70.9% logic, 29.1% route)

=========================================================================
Timing constraint: Default path analysis
  Total number of paths / destination ports: 352 / 32
-------------------------------------------------------------------------
Delay:               6.871ns (Levels of Logic = 5)
  Source:            ra<1> (PAD)
  Destination:       adat<15> (PAD)

  Data Path: ra<1> to adat<15>
                                Gate     Net
    Cell:in->out      fanout   Delay   Delay  Logical Name (Net Name)
    ----------------------------------------  ------------
     IBUF:I->O            64   1.222   2.004  ra_1_IBUF (ra_1_IBUF)
     LUT6:I0->O            1   0.203   0.000  read1/Mmux_y_415 (read1/Mmux_y_415)
     MUXF7:I1->O           1   0.140   0.000  read1/Mmux_y_3_f7_14 (read1/Mmux_y_3_f715)
     MUXF8:I1->O           1   0.152   0.579  read1/Mmux_y_2_f8_14 (adat_9_OBUF)
     OBUF:I->O                 2.571          adat_9_OBUF (adat<9>)
    ----------------------------------------
    Total                      6.871ns (4.288ns logic, 2.583ns route)
                                       (62.4% logic, 37.6% route)

=========================================================================

Cross Clock Domains Report:
--------------------------

=========================================================================


Total REAL time to Xst completion: 7.00 secs
Total CPU time to Xst completion: 6.14 secs
 
--> 

Total memory usage is 264424 kilobytes

Number of errors   :    0 (   0 filtered)
Number of warnings :    1 (   0 filtered)
Number of infos    :    0 (   0 filtered)

