Release 14.7 - xst P.20131013 (nt64)
Copyright (c) 1995-2013 Xilinx, Inc.  All rights reserved.
--> Parameter TMPDIR set to xst/projnav.tmp


Total REAL time to Xst completion: 0.00 secs
Total CPU time to Xst completion: 0.08 secs
 
--> Parameter xsthdpdir set to xst


Total REAL time to Xst completion: 0.00 secs
Total CPU time to Xst completion: 0.09 secs
 
--> Reading design: register32bit.prj

TABLE OF CONTENTS
  1) Synthesis Options Summary
  2) HDL Parsing
  3) HDL Elaboration
  4) HDL Synthesis
       4.1) HDL Synthesis Report
  5) Advanced HDL Synthesis
       5.1) Advanced HDL Synthesis Report
  6) Low Level Synthesis
  7) Partition Report
  8) Design Summary
       8.1) Primitive and Black Box Usage
       8.2) Device utilization summary
       8.3) Partition Resource Summary
       8.4) Timing Report
            8.4.1) Clock Information
            8.4.2) Asynchronous Control Signals Information
            8.4.3) Timing Summary
            8.4.4) Timing Details
            8.4.5) Cross Clock Domains Report


=========================================================================
*                      Synthesis Options Summary                        *
=========================================================================
---- Source Parameters
Input File Name                    : "register32bit.prj"
Ignore Synthesis Constraint File   : NO

---- Target Parameters
Output File Name                   : "register32bit"
Output Format                      : NGC
Target Device                      : xc6slx16-3-csg324

---- Source Options
Top Module Name                    : register32bit
Automatic FSM Extraction           : YES
FSM Encoding Algorithm             : Auto
Safe Implementation                : No
FSM Style                          : LUT
RAM Extraction                     : Yes
RAM Style                          : Auto
ROM Extraction                     : Yes
Shift Register Extraction          : YES
ROM Style                          : Auto
Resource Sharing                   : YES
Asynchronous To Synchronous        : NO
Shift Register Minimum Size        : 2
Use DSP Block                      : Auto
Automatic Register Balancing       : No

---- Target Options
LUT Combining                      : Auto
Reduce Control Sets                : Auto
Add IO Buffers                     : YES
Global Maximum Fanout              : 100000
Add Generic Clock Buffer(BUFG)     : 16
Register Duplication               : YES
Optimize Instantiated Primitives   : NO
Use Clock Enable                   : Auto
Use Synchronous Set                : Auto
Use Synchronous Reset              : Auto
Pack IO Registers into IOBs        : Auto
Equivalent register Removal        : YES

---- General Options
Optimization Goal                  : Speed
Optimization Effort                : 1
Power Reduction                    : NO
Keep Hierarchy                     : No
Netlist Hierarchy                  : As_Optimized
RTL Output                         : Yes
Global Optimization                : AllClockNets
Read Cores                         : YES
Write Timing Constraints           : NO
Cross Clock Analysis               : NO
Hierarchy Separator                : /
Bus Delimiter                      : <>
Case Specifier                     : Maintain
Slice Utilization Ratio            : 100
BRAM Utilization Ratio             : 100
DSP48 Utilization Ratio            : 100
Auto BRAM Packing                  : NO
Slice Utilization Ratio Delta      : 5

=========================================================================


=========================================================================
*                          HDL Parsing                                  *
=========================================================================
Analyzing Verilog file "C:\Users\Joseph\Documents\Xilinx\HW1\nand3.v" into library work
Parsing module <nand3>.
Analyzing Verilog file "C:\Users\Joseph\Documents\Xilinx\HW1\nand2.v" into library work
Parsing module <nand2>.
Analyzing Verilog file "C:\Users\Joseph\Documents\Xilinx\HW1\inverter.v" into library work
Parsing module <inverter>.
Analyzing Verilog file "C:\Users\Joseph\Documents\Xilinx\HW1\mux1bit2x1.v" into library work
Parsing module <mux1bit2x1>.
Analyzing Verilog file "C:\Users\Joseph\Documents\Xilinx\HW1\dflipflop.v" into library work
Parsing module <dflipflop>.
Analyzing Verilog file "C:\Users\Joseph\Documents\Xilinx\HW1\dflipflop_enable.v" into library work
Parsing module <dflipflop_enable>.
Analyzing Verilog file "C:\Users\Joseph\Documents\Xilinx\HW1\register32bit.v" into library work
Parsing module <register32bit>.

=========================================================================
*                            HDL Elaboration                            *
=========================================================================

Elaborating module <register32bit>.

Elaborating module <dflipflop_enable>.

Elaborating module <mux1bit2x1>.

Elaborating module <inverter>.

Elaborating module <nand2>.

Elaborating module <dflipflop>.

Elaborating module <nand3>.

=========================================================================
*                           HDL Synthesis                               *
=========================================================================

Synthesizing Unit <register32bit>.
    Related source file is "C:\Users\Joseph\Documents\Xilinx\HW1\register32bit.v".
        ROWS = 32
INFO:Xst:3210 - "C:\Users\Joseph\Documents\Xilinx\HW1\register32bit.v" line 36: Output port <Q_n> of the instance <reggenerate[0].flip_1> is unconnected or connected to loadless signal.
INFO:Xst:3210 - "C:\Users\Joseph\Documents\Xilinx\HW1\register32bit.v" line 36: Output port <Q_n> of the instance <reggenerate[1].flip_1> is unconnected or connected to loadless signal.
INFO:Xst:3210 - "C:\Users\Joseph\Documents\Xilinx\HW1\register32bit.v" line 36: Output port <Q_n> of the instance <reggenerate[2].flip_1> is unconnected or connected to loadless signal.
INFO:Xst:3210 - "C:\Users\Joseph\Documents\Xilinx\HW1\register32bit.v" line 36: Output port <Q_n> of the instance <reggenerate[3].flip_1> is unconnected or connected to loadless signal.
INFO:Xst:3210 - "C:\Users\Joseph\Documents\Xilinx\HW1\register32bit.v" line 36: Output port <Q_n> of the instance <reggenerate[4].flip_1> is unconnected or connected to loadless signal.
INFO:Xst:3210 - "C:\Users\Joseph\Documents\Xilinx\HW1\register32bit.v" line 36: Output port <Q_n> of the instance <reggenerate[5].flip_1> is unconnected or connected to loadless signal.
INFO:Xst:3210 - "C:\Users\Joseph\Documents\Xilinx\HW1\register32bit.v" line 36: Output port <Q_n> of the instance <reggenerate[6].flip_1> is unconnected or connected to loadless signal.
INFO:Xst:3210 - "C:\Users\Joseph\Documents\Xilinx\HW1\register32bit.v" line 36: Output port <Q_n> of the instance <reggenerate[7].flip_1> is unconnected or connected to loadless signal.
INFO:Xst:3210 - "C:\Users\Joseph\Documents\Xilinx\HW1\register32bit.v" line 36: Output port <Q_n> of the instance <reggenerate[8].flip_1> is unconnected or connected to loadless signal.
INFO:Xst:3210 - "C:\Users\Joseph\Documents\Xilinx\HW1\register32bit.v" line 36: Output port <Q_n> of the instance <reggenerate[9].flip_1> is unconnected or connected to loadless signal.
INFO:Xst:3210 - "C:\Users\Joseph\Documents\Xilinx\HW1\register32bit.v" line 36: Output port <Q_n> of the instance <reggenerate[10].flip_1> is unconnected or connected to loadless signal.
INFO:Xst:3210 - "C:\Users\Joseph\Documents\Xilinx\HW1\register32bit.v" line 36: Output port <Q_n> of the instance <reggenerate[11].flip_1> is unconnected or connected to loadless signal.
INFO:Xst:3210 - "C:\Users\Joseph\Documents\Xilinx\HW1\register32bit.v" line 36: Output port <Q_n> of the instance <reggenerate[12].flip_1> is unconnected or connected to loadless signal.
INFO:Xst:3210 - "C:\Users\Joseph\Documents\Xilinx\HW1\register32bit.v" line 36: Output port <Q_n> of the instance <reggenerate[13].flip_1> is unconnected or connected to loadless signal.
INFO:Xst:3210 - "C:\Users\Joseph\Documents\Xilinx\HW1\register32bit.v" line 36: Output port <Q_n> of the instance <reggenerate[14].flip_1> is unconnected or connected to loadless signal.
INFO:Xst:3210 - "C:\Users\Joseph\Documents\Xilinx\HW1\register32bit.v" line 36: Output port <Q_n> of the instance <reggenerate[15].flip_1> is unconnected or connected to loadless signal.
INFO:Xst:3210 - "C:\Users\Joseph\Documents\Xilinx\HW1\register32bit.v" line 36: Output port <Q_n> of the instance <reggenerate[16].flip_1> is unconnected or connected to loadless signal.
INFO:Xst:3210 - "C:\Users\Joseph\Documents\Xilinx\HW1\register32bit.v" line 36: Output port <Q_n> of the instance <reggenerate[17].flip_1> is unconnected or connected to loadless signal.
INFO:Xst:3210 - "C:\Users\Joseph\Documents\Xilinx\HW1\register32bit.v" line 36: Output port <Q_n> of the instance <reggenerate[18].flip_1> is unconnected or connected to loadless signal.
INFO:Xst:3210 - "C:\Users\Joseph\Documents\Xilinx\HW1\register32bit.v" line 36: Output port <Q_n> of the instance <reggenerate[19].flip_1> is unconnected or connected to loadless signal.
INFO:Xst:3210 - "C:\Users\Joseph\Documents\Xilinx\HW1\register32bit.v" line 36: Output port <Q_n> of the instance <reggenerate[20].flip_1> is unconnected or connected to loadless signal.
INFO:Xst:3210 - "C:\Users\Joseph\Documents\Xilinx\HW1\register32bit.v" line 36: Output port <Q_n> of the instance <reggenerate[21].flip_1> is unconnected or connected to loadless signal.
INFO:Xst:3210 - "C:\Users\Joseph\Documents\Xilinx\HW1\register32bit.v" line 36: Output port <Q_n> of the instance <reggenerate[22].flip_1> is unconnected or connected to loadless signal.
INFO:Xst:3210 - "C:\Users\Joseph\Documents\Xilinx\HW1\register32bit.v" line 36: Output port <Q_n> of the instance <reggenerate[23].flip_1> is unconnected or connected to loadless signal.
INFO:Xst:3210 - "C:\Users\Joseph\Documents\Xilinx\HW1\register32bit.v" line 36: Output port <Q_n> of the instance <reggenerate[24].flip_1> is unconnected or connected to loadless signal.
INFO:Xst:3210 - "C:\Users\Joseph\Documents\Xilinx\HW1\register32bit.v" line 36: Output port <Q_n> of the instance <reggenerate[25].flip_1> is unconnected or connected to loadless signal.
INFO:Xst:3210 - "C:\Users\Joseph\Documents\Xilinx\HW1\register32bit.v" line 36: Output port <Q_n> of the instance <reggenerate[26].flip_1> is unconnected or connected to loadless signal.
INFO:Xst:3210 - "C:\Users\Joseph\Documents\Xilinx\HW1\register32bit.v" line 36: Output port <Q_n> of the instance <reggenerate[27].flip_1> is unconnected or connected to loadless signal.
INFO:Xst:3210 - "C:\Users\Joseph\Documents\Xilinx\HW1\register32bit.v" line 36: Output port <Q_n> of the instance <reggenerate[28].flip_1> is unconnected or connected to loadless signal.
INFO:Xst:3210 - "C:\Users\Joseph\Documents\Xilinx\HW1\register32bit.v" line 36: Output port <Q_n> of the instance <reggenerate[29].flip_1> is unconnected or connected to loadless signal.
INFO:Xst:3210 - "C:\Users\Joseph\Documents\Xilinx\HW1\register32bit.v" line 36: Output port <Q_n> of the instance <reggenerate[30].flip_1> is unconnected or connected to loadless signal.
INFO:Xst:3210 - "C:\Users\Joseph\Documents\Xilinx\HW1\register32bit.v" line 36: Output port <Q_n> of the instance <reggenerate[31].flip_1> is unconnected or connected to loadless signal.
    Summary:
	no macro.
Unit <register32bit> synthesized.

Synthesizing Unit <dflipflop_enable>.
    Related source file is "C:\Users\Joseph\Documents\Xilinx\HW1\dflipflop_enable.v".
    Summary:
	no macro.
Unit <dflipflop_enable> synthesized.

Synthesizing Unit <mux1bit2x1>.
    Related source file is "C:\Users\Joseph\Documents\Xilinx\HW1\mux1bit2x1.v".
    Summary:
	no macro.
Unit <mux1bit2x1> synthesized.

Synthesizing Unit <inverter>.
    Related source file is "C:\Users\Joseph\Documents\Xilinx\HW1\inverter.v".
    Summary:
	no macro.
Unit <inverter> synthesized.

Synthesizing Unit <nand2>.
    Related source file is "C:\Users\Joseph\Documents\Xilinx\HW1\nand2.v".
    Summary:
	no macro.
Unit <nand2> synthesized.

Synthesizing Unit <dflipflop>.
    Related source file is "C:\Users\Joseph\Documents\Xilinx\HW1\dflipflop.v".
    Summary:
	no macro.
Unit <dflipflop> synthesized.

Synthesizing Unit <nand3>.
    Related source file is "C:\Users\Joseph\Documents\Xilinx\HW1\nand3.v".
    Summary:
	no macro.
Unit <nand3> synthesized.

=========================================================================
HDL Synthesis Report

Found no macro
=========================================================================

=========================================================================
*                       Advanced HDL Synthesis                          *
=========================================================================


=========================================================================
Advanced HDL Synthesis Report

Found no macro
=========================================================================

=========================================================================
*                         Low Level Synthesis                           *
=========================================================================
WARNING:Xst:2170 - Unit register32bit : the following signal(s) form a combinatorial loop: reggenerate[31].flip_1/flip_1/nand3_3/X1_X3_AND_3_o, data_out<31>, reggenerate[31].flip_1/flip_1/nand3_2/X1_X3_AND_3_o, reggenerate[31].flip_1/flip_1/nand3_1/X1_X3_AND_3_o, reggenerate[31].flip_1/flip_1/nand2_1/X1_X2_AND_1_o.
WARNING:Xst:2170 - Unit register32bit : the following signal(s) form a combinatorial loop: reggenerate[30].flip_1/flip_1/nand3_3/X1_X3_AND_3_o, reggenerate[30].flip_1/flip_1/nand3_1/X1_X3_AND_3_o, reggenerate[30].flip_1/flip_1/nand3_2/X1_X3_AND_3_o, data_out<30>, reggenerate[30].flip_1/flip_1/nand2_1/X1_X2_AND_1_o.
WARNING:Xst:2170 - Unit register32bit : the following signal(s) form a combinatorial loop: data_out<29>, reggenerate[29].flip_1/flip_1/nand3_1/X1_X3_AND_3_o, reggenerate[29].flip_1/flip_1/nand3_2/X1_X3_AND_3_o, reggenerate[29].flip_1/flip_1/nand3_3/X1_X3_AND_3_o, reggenerate[29].flip_1/flip_1/nand2_1/X1_X2_AND_1_o.
WARNING:Xst:2170 - Unit register32bit : the following signal(s) form a combinatorial loop: reggenerate[28].flip_1/flip_1/nand3_2/X1_X3_AND_3_o, reggenerate[28].flip_1/flip_1/nand3_3/X1_X3_AND_3_o, data_out<28>, reggenerate[28].flip_1/flip_1/nand3_1/X1_X3_AND_3_o, reggenerate[28].flip_1/flip_1/nand2_1/X1_X2_AND_1_o.
WARNING:Xst:2170 - Unit register32bit : the following signal(s) form a combinatorial loop: reggenerate[27].flip_1/flip_1/nand3_3/X1_X3_AND_3_o, reggenerate[27].flip_1/flip_1/nand3_1/X1_X3_AND_3_o, reggenerate[27].flip_1/flip_1/nand3_2/X1_X3_AND_3_o, data_out<27>, reggenerate[27].flip_1/flip_1/nand2_1/X1_X2_AND_1_o.
WARNING:Xst:2170 - Unit register32bit : the following signal(s) form a combinatorial loop: reggenerate[26].flip_1/flip_1/nand3_1/X1_X3_AND_3_o, data_out<26>, reggenerate[26].flip_1/flip_1/nand3_2/X1_X3_AND_3_o, reggenerate[26].flip_1/flip_1/nand3_3/X1_X3_AND_3_o, reggenerate[26].flip_1/flip_1/nand2_1/X1_X2_AND_1_o.
WARNING:Xst:2170 - Unit register32bit : the following signal(s) form a combinatorial loop: reggenerate[25].flip_1/flip_1/nand3_2/X1_X3_AND_3_o, reggenerate[25].flip_1/flip_1/nand3_3/X1_X3_AND_3_o, data_out<25>, reggenerate[25].flip_1/flip_1/nand3_1/X1_X3_AND_3_o, reggenerate[25].flip_1/flip_1/nand2_1/X1_X2_AND_1_o.
WARNING:Xst:2170 - Unit register32bit : the following signal(s) form a combinatorial loop: reggenerate[24].flip_1/flip_1/nand3_3/X1_X3_AND_3_o, reggenerate[24].flip_1/flip_1/nand3_1/X1_X3_AND_3_o, reggenerate[24].flip_1/flip_1/nand3_2/X1_X3_AND_3_o, data_out<24>, reggenerate[24].flip_1/flip_1/nand2_1/X1_X2_AND_1_o.
WARNING:Xst:2170 - Unit register32bit : the following signal(s) form a combinatorial loop: reggenerate[23].flip_1/flip_1/nand2_1/X1_X2_AND_1_o, reggenerate[23].flip_1/flip_1/nand3_1/X1_X3_AND_3_o, data_out<23>, reggenerate[23].flip_1/flip_1/nand3_2/X1_X3_AND_3_o, reggenerate[23].flip_1/flip_1/nand3_3/X1_X3_AND_3_o.
WARNING:Xst:2170 - Unit register32bit : the following signal(s) form a combinatorial loop: reggenerate[22].flip_1/flip_1/nand2_1/X1_X2_AND_1_o, reggenerate[22].flip_1/flip_1/nand3_2/X1_X3_AND_3_o, reggenerate[22].flip_1/flip_1/nand3_3/X1_X3_AND_3_o, data_out<22>, reggenerate[22].flip_1/flip_1/nand3_1/X1_X3_AND_3_o.
WARNING:Xst:2170 - Unit register32bit : the following signal(s) form a combinatorial loop: reggenerate[21].flip_1/flip_1/nand3_3/X1_X3_AND_3_o, reggenerate[21].flip_1/flip_1/nand2_1/X1_X2_AND_1_o, reggenerate[21].flip_1/flip_1/nand3_1/X1_X3_AND_3_o, reggenerate[21].flip_1/flip_1/nand3_2/X1_X3_AND_3_o, data_out<21>.
WARNING:Xst:2170 - Unit register32bit : the following signal(s) form a combinatorial loop: reggenerate[20].flip_1/flip_1/nand3_1/X1_X3_AND_3_o, reggenerate[20].flip_1/flip_1/nand2_1/X1_X2_AND_1_o, data_out<20>, reggenerate[20].flip_1/flip_1/nand3_2/X1_X3_AND_3_o, reggenerate[20].flip_1/flip_1/nand3_3/X1_X3_AND_3_o.
WARNING:Xst:2170 - Unit register32bit : the following signal(s) form a combinatorial loop: reggenerate[19].flip_1/flip_1/nand3_2/X1_X3_AND_3_o, reggenerate[19].flip_1/flip_1/nand2_1/X1_X2_AND_1_o, reggenerate[19].flip_1/flip_1/nand3_3/X1_X3_AND_3_o, data_out<19>, reggenerate[19].flip_1/flip_1/nand3_1/X1_X3_AND_3_o.
WARNING:Xst:2170 - Unit register32bit : the following signal(s) form a combinatorial loop: reggenerate[18].flip_1/flip_1/nand3_3/X1_X3_AND_3_o, reggenerate[18].flip_1/flip_1/nand2_1/X1_X2_AND_1_o, reggenerate[18].flip_1/flip_1/nand3_1/X1_X3_AND_3_o, reggenerate[18].flip_1/flip_1/nand3_2/X1_X3_AND_3_o, data_out<18>.
WARNING:Xst:2170 - Unit register32bit : the following signal(s) form a combinatorial loop: reggenerate[17].flip_1/flip_1/nand2_1/X1_X2_AND_1_o, data_out<17>, reggenerate[17].flip_1/flip_1/nand3_2/X1_X3_AND_3_o, reggenerate[17].flip_1/flip_1/nand3_3/X1_X3_AND_3_o, reggenerate[17].flip_1/flip_1/nand3_1/X1_X3_AND_3_o.
WARNING:Xst:2170 - Unit register32bit : the following signal(s) form a combinatorial loop: reggenerate[16].flip_1/flip_1/nand2_1/X1_X2_AND_1_o, reggenerate[16].flip_1/flip_1/nand3_3/X1_X3_AND_3_o, data_out<16>, reggenerate[16].flip_1/flip_1/nand3_1/X1_X3_AND_3_o, reggenerate[16].flip_1/flip_1/nand3_2/X1_X3_AND_3_o.
WARNING:Xst:2170 - Unit register32bit : the following signal(s) form a combinatorial loop: reggenerate[15].flip_1/flip_1/nand2_1/X1_X2_AND_1_o, reggenerate[15].flip_1/flip_1/nand3_1/X1_X3_AND_3_o, reggenerate[15].flip_1/flip_1/nand3_2/X1_X3_AND_3_o, data_out<15>, reggenerate[15].flip_1/flip_1/nand3_3/X1_X3_AND_3_o.
WARNING:Xst:2170 - Unit register32bit : the following signal(s) form a combinatorial loop: reggenerate[14].flip_1/flip_1/nand2_1/X1_X2_AND_1_o, data_out<14>, reggenerate[14].flip_1/flip_1/nand3_2/X1_X3_AND_3_o, reggenerate[14].flip_1/flip_1/nand3_3/X1_X3_AND_3_o, reggenerate[14].flip_1/flip_1/nand3_1/X1_X3_AND_3_o.
WARNING:Xst:2170 - Unit register32bit : the following signal(s) form a combinatorial loop: reggenerate[13].flip_1/flip_1/nand2_1/X1_X2_AND_1_o, reggenerate[13].flip_1/flip_1/nand3_3/X1_X3_AND_3_o, data_out<13>, reggenerate[13].flip_1/flip_1/nand3_1/X1_X3_AND_3_o, reggenerate[13].flip_1/flip_1/nand3_2/X1_X3_AND_3_o.
WARNING:Xst:2170 - Unit register32bit : the following signal(s) form a combinatorial loop: reggenerate[12].flip_1/flip_1/nand2_1/X1_X2_AND_1_o, reggenerate[12].flip_1/flip_1/nand3_1/X1_X3_AND_3_o, reggenerate[12].flip_1/flip_1/nand3_2/X1_X3_AND_3_o, data_out<12>, reggenerate[12].flip_1/flip_1/nand3_3/X1_X3_AND_3_o.
WARNING:Xst:2170 - Unit register32bit : the following signal(s) form a combinatorial loop: data_out<11>, reggenerate[11].flip_1/flip_1/nand3_2/X1_X3_AND_3_o, reggenerate[11].flip_1/flip_1/nand2_1/X1_X2_AND_1_o, reggenerate[11].flip_1/flip_1/nand3_3/X1_X3_AND_3_o, reggenerate[11].flip_1/flip_1/nand3_1/X1_X3_AND_3_o.
WARNING:Xst:2170 - Unit register32bit : the following signal(s) form a combinatorial loop: reggenerate[10].flip_1/flip_1/nand3_3/X1_X3_AND_3_o, reggenerate[10].flip_1/flip_1/nand2_1/X1_X2_AND_1_o, data_out<10>, reggenerate[10].flip_1/flip_1/nand3_1/X1_X3_AND_3_o, reggenerate[10].flip_1/flip_1/nand3_2/X1_X3_AND_3_o.
WARNING:Xst:2170 - Unit register32bit : the following signal(s) form a combinatorial loop: reggenerate[9].flip_1/flip_1/nand3_1/X1_X3_AND_3_o, reggenerate[9].flip_1/flip_1/nand2_1/X1_X2_AND_1_o, reggenerate[9].flip_1/flip_1/nand3_2/X1_X3_AND_3_o, reggenerate[9].flip_1/flip_1/nand3_3/X1_X3_AND_3_o, data_out<9>.
WARNING:Xst:2170 - Unit register32bit : the following signal(s) form a combinatorial loop: reggenerate[8].flip_1/flip_1/nand3_2/X1_X3_AND_3_o, data_out<8>, reggenerate[8].flip_1/flip_1/nand2_1/X1_X2_AND_1_o, reggenerate[8].flip_1/flip_1/nand3_3/X1_X3_AND_3_o, reggenerate[8].flip_1/flip_1/nand3_1/X1_X3_AND_3_o.
WARNING:Xst:2170 - Unit register32bit : the following signal(s) form a combinatorial loop: reggenerate[7].flip_1/flip_1/nand3_3/X1_X3_AND_3_o, reggenerate[7].flip_1/flip_1/nand3_1/X1_X3_AND_3_o, data_out<7>, reggenerate[7].flip_1/flip_1/nand2_1/X1_X2_AND_1_o, reggenerate[7].flip_1/flip_1/nand3_2/X1_X3_AND_3_o.
WARNING:Xst:2170 - Unit register32bit : the following signal(s) form a combinatorial loop: reggenerate[6].flip_1/flip_1/nand3_1/X1_X3_AND_3_o, reggenerate[6].flip_1/flip_1/nand3_2/X1_X3_AND_3_o, reggenerate[6].flip_1/flip_1/nand3_3/X1_X3_AND_3_o, data_out<6>, reggenerate[6].flip_1/flip_1/nand2_1/X1_X2_AND_1_o.
WARNING:Xst:2170 - Unit register32bit : the following signal(s) form a combinatorial loop: reggenerate[5].flip_1/flip_1/nand3_2/X1_X3_AND_3_o, data_out<5>, reggenerate[5].flip_1/flip_1/nand2_1/X1_X2_AND_1_o, reggenerate[5].flip_1/flip_1/nand3_3/X1_X3_AND_3_o, reggenerate[5].flip_1/flip_1/nand3_1/X1_X3_AND_3_o.
WARNING:Xst:2170 - Unit register32bit : the following signal(s) form a combinatorial loop: reggenerate[4].flip_1/flip_1/nand2_1/X1_X2_AND_1_o, reggenerate[4].flip_1/flip_1/nand3_3/X1_X3_AND_3_o, reggenerate[4].flip_1/flip_1/nand3_1/X1_X3_AND_3_o, data_out<4>, reggenerate[4].flip_1/flip_1/nand3_2/X1_X3_AND_3_o.
WARNING:Xst:2170 - Unit register32bit : the following signal(s) form a combinatorial loop: reggenerate[3].flip_1/flip_1/nand2_1/X1_X2_AND_1_o, reggenerate[3].flip_1/flip_1/nand3_1/X1_X3_AND_3_o, reggenerate[3].flip_1/flip_1/nand3_2/X1_X3_AND_3_o, reggenerate[3].flip_1/flip_1/nand3_3/X1_X3_AND_3_o, data_out<3>.
WARNING:Xst:2170 - Unit register32bit : the following signal(s) form a combinatorial loop: reggenerate[2].flip_1/flip_1/nand3_2/X1_X3_AND_3_o, data_out<2>, reggenerate[2].flip_1/flip_1/nand3_3/X1_X3_AND_3_o, reggenerate[2].flip_1/flip_1/nand2_1/X1_X2_AND_1_o, reggenerate[2].flip_1/flip_1/nand3_1/X1_X3_AND_3_o.
WARNING:Xst:2170 - Unit register32bit : the following signal(s) form a combinatorial loop: reggenerate[1].flip_1/flip_1/nand3_3/X1_X3_AND_3_o, reggenerate[1].flip_1/flip_1/nand2_1/X1_X2_AND_1_o, reggenerate[1].flip_1/flip_1/nand3_1/X1_X3_AND_3_o, data_out<1>, reggenerate[1].flip_1/flip_1/nand3_2/X1_X3_AND_3_o.
WARNING:Xst:2170 - Unit register32bit : the following signal(s) form a combinatorial loop: reggenerate[0].flip_1/flip_1/nand3_1/X1_X3_AND_3_o, reggenerate[0].flip_1/flip_1/nand3_2/X1_X3_AND_3_o, reggenerate[0].flip_1/flip_1/nand2_1/X1_X2_AND_1_o, reggenerate[0].flip_1/flip_1/nand3_3/X1_X3_AND_3_o, data_out<0>.
WARNING:Xst:2170 - Unit register32bit : the following signal(s) form a combinatorial loop: reggenerate[23].flip_1/flip_1/nand2_1/X1_X2_AND_1_o.
WARNING:Xst:2170 - Unit register32bit : the following signal(s) form a combinatorial loop: reggenerate[22].flip_1/flip_1/nand2_1/X1_X2_AND_1_o.
WARNING:Xst:2170 - Unit register32bit : the following signal(s) form a combinatorial loop: reggenerate[20].flip_1/flip_1/nand3_1/X1_X3_AND_3_o.
WARNING:Xst:2170 - Unit register32bit : the following signal(s) form a combinatorial loop: reggenerate[21].flip_1/flip_1/nand2_1/X1_X2_AND_1_o.
WARNING:Xst:2170 - Unit register32bit : the following signal(s) form a combinatorial loop: reggenerate[4].flip_1/flip_1/nand2_1/X1_X2_AND_1_o.
WARNING:Xst:2170 - Unit register32bit : the following signal(s) form a combinatorial loop: reggenerate[20].flip_1/flip_1/nand2_1/X1_X2_AND_1_o.
WARNING:Xst:2170 - Unit register32bit : the following signal(s) form a combinatorial loop: reggenerate[23].flip_1/flip_1/nand3_1/X1_X3_AND_3_o.
WARNING:Xst:2170 - Unit register32bit : the following signal(s) form a combinatorial loop: reggenerate[3].flip_1/flip_1/nand2_1/X1_X2_AND_1_o.
WARNING:Xst:2170 - Unit register32bit : the following signal(s) form a combinatorial loop: reggenerate[19].flip_1/flip_1/nand2_1/X1_X2_AND_1_o.
WARNING:Xst:2170 - Unit register32bit : the following signal(s) form a combinatorial loop: reggenerate[0].flip_1/flip_1/nand3_1/X1_X3_AND_3_o.
WARNING:Xst:2170 - Unit register32bit : the following signal(s) form a combinatorial loop: reggenerate[18].flip_1/flip_1/nand2_1/X1_X2_AND_1_o.
WARNING:Xst:2170 - Unit register32bit : the following signal(s) form a combinatorial loop: reggenerate[26].flip_1/flip_1/nand3_1/X1_X3_AND_3_o.
WARNING:Xst:2170 - Unit register32bit : the following signal(s) form a combinatorial loop: reggenerate[17].flip_1/flip_1/nand2_1/X1_X2_AND_1_o.
WARNING:Xst:2170 - Unit register32bit : the following signal(s) form a combinatorial loop: reggenerate[3].flip_1/flip_1/nand3_1/X1_X3_AND_3_o.
WARNING:Xst:2170 - Unit register32bit : the following signal(s) form a combinatorial loop: reggenerate[16].flip_1/flip_1/nand2_1/X1_X2_AND_1_o.
WARNING:Xst:2170 - Unit register32bit : the following signal(s) form a combinatorial loop: reggenerate[29].flip_1/flip_1/nand3_1/X1_X3_AND_3_o.
WARNING:Xst:2170 - Unit register32bit : the following signal(s) form a combinatorial loop: reggenerate[15].flip_1/flip_1/nand2_1/X1_X2_AND_1_o.
WARNING:Xst:2170 - Unit register32bit : the following signal(s) form a combinatorial loop: reggenerate[6].flip_1/flip_1/nand3_1/X1_X3_AND_3_o.
WARNING:Xst:2170 - Unit register32bit : the following signal(s) form a combinatorial loop: reggenerate[14].flip_1/flip_1/nand2_1/X1_X2_AND_1_o.
WARNING:Xst:2170 - Unit register32bit : the following signal(s) form a combinatorial loop: reggenerate[30].flip_1/flip_1/nand3_1/X1_X3_AND_3_o.
WARNING:Xst:2170 - Unit register32bit : the following signal(s) form a combinatorial loop: reggenerate[13].flip_1/flip_1/nand2_1/X1_X2_AND_1_o.
WARNING:Xst:2170 - Unit register32bit : the following signal(s) form a combinatorial loop: reggenerate[9].flip_1/flip_1/nand3_1/X1_X3_AND_3_o.
WARNING:Xst:2170 - Unit register32bit : the following signal(s) form a combinatorial loop: reggenerate[12].flip_1/flip_1/nand2_1/X1_X2_AND_1_o.
WARNING:Xst:2170 - Unit register32bit : the following signal(s) form a combinatorial loop: reggenerate[12].flip_1/flip_1/nand3_1/X1_X3_AND_3_o.
WARNING:Xst:2170 - Unit register32bit : the following signal(s) form a combinatorial loop: reggenerate[11].flip_1/flip_1/nand2_1/X1_X2_AND_1_o.
WARNING:Xst:2170 - Unit register32bit : the following signal(s) form a combinatorial loop: reggenerate[10].flip_1/flip_1/nand2_1/X1_X2_AND_1_o.
WARNING:Xst:2170 - Unit register32bit : the following signal(s) form a combinatorial loop: reggenerate[15].flip_1/flip_1/nand3_1/X1_X3_AND_3_o.
WARNING:Xst:2170 - Unit register32bit : the following signal(s) form a combinatorial loop: reggenerate[9].flip_1/flip_1/nand2_1/X1_X2_AND_1_o.
WARNING:Xst:2170 - Unit register32bit : the following signal(s) form a combinatorial loop: reggenerate[8].flip_1/flip_1/nand2_1/X1_X2_AND_1_o.
WARNING:Xst:2170 - Unit register32bit : the following signal(s) form a combinatorial loop: reggenerate[18].flip_1/flip_1/nand3_1/X1_X3_AND_3_o.
WARNING:Xst:2170 - Unit register32bit : the following signal(s) form a combinatorial loop: reggenerate[1].flip_1/flip_1/nand2_1/X1_X2_AND_1_o.
WARNING:Xst:2170 - Unit register32bit : the following signal(s) form a combinatorial loop: reggenerate[5].flip_1/flip_1/nand2_1/X1_X2_AND_1_o.
WARNING:Xst:2170 - Unit register32bit : the following signal(s) form a combinatorial loop: reggenerate[21].flip_1/flip_1/nand3_1/X1_X3_AND_3_o.
WARNING:Xst:2170 - Unit register32bit : the following signal(s) form a combinatorial loop: reggenerate[24].flip_1/flip_1/nand3_1/X1_X3_AND_3_o.
WARNING:Xst:2170 - Unit register32bit : the following signal(s) form a combinatorial loop: reggenerate[1].flip_1/flip_1/nand3_1/X1_X3_AND_3_o.
WARNING:Xst:2170 - Unit register32bit : the following signal(s) form a combinatorial loop: reggenerate[27].flip_1/flip_1/nand3_1/X1_X3_AND_3_o.
WARNING:Xst:2170 - Unit register32bit : the following signal(s) form a combinatorial loop: reggenerate[0].flip_1/flip_1/nand2_1/X1_X2_AND_1_o.
WARNING:Xst:2170 - Unit register32bit : the following signal(s) form a combinatorial loop: reggenerate[4].flip_1/flip_1/nand3_1/X1_X3_AND_3_o.
WARNING:Xst:2170 - Unit register32bit : the following signal(s) form a combinatorial loop: reggenerate[7].flip_1/flip_1/nand3_1/X1_X3_AND_3_o.
WARNING:Xst:2170 - Unit register32bit : the following signal(s) form a combinatorial loop: reggenerate[10].flip_1/flip_1/nand3_1/X1_X3_AND_3_o.
WARNING:Xst:2170 - Unit register32bit : the following signal(s) form a combinatorial loop: reggenerate[31].flip_1/flip_1/nand3_1/X1_X3_AND_3_o.
WARNING:Xst:2170 - Unit register32bit : the following signal(s) form a combinatorial loop: reggenerate[13].flip_1/flip_1/nand3_1/X1_X3_AND_3_o.
WARNING:Xst:2170 - Unit register32bit : the following signal(s) form a combinatorial loop: reggenerate[7].flip_1/flip_1/nand2_1/X1_X2_AND_1_o.
WARNING:Xst:2170 - Unit register32bit : the following signal(s) form a combinatorial loop: reggenerate[16].flip_1/flip_1/nand3_1/X1_X3_AND_3_o.
WARNING:Xst:2170 - Unit register32bit : the following signal(s) form a combinatorial loop: reggenerate[19].flip_1/flip_1/nand3_1/X1_X3_AND_3_o.
WARNING:Xst:2170 - Unit register32bit : the following signal(s) form a combinatorial loop: reggenerate[22].flip_1/flip_1/nand3_1/X1_X3_AND_3_o.
WARNING:Xst:2170 - Unit register32bit : the following signal(s) form a combinatorial loop: reggenerate[2].flip_1/flip_1/nand2_1/X1_X2_AND_1_o.
WARNING:Xst:2170 - Unit register32bit : the following signal(s) form a combinatorial loop: reggenerate[25].flip_1/flip_1/nand3_1/X1_X3_AND_3_o.
WARNING:Xst:2170 - Unit register32bit : the following signal(s) form a combinatorial loop: reggenerate[2].flip_1/flip_1/nand3_1/X1_X3_AND_3_o.
WARNING:Xst:2170 - Unit register32bit : the following signal(s) form a combinatorial loop: reggenerate[28].flip_1/flip_1/nand3_1/X1_X3_AND_3_o.
WARNING:Xst:2170 - Unit register32bit : the following signal(s) form a combinatorial loop: reggenerate[5].flip_1/flip_1/nand3_1/X1_X3_AND_3_o.
WARNING:Xst:2170 - Unit register32bit : the following signal(s) form a combinatorial loop: reggenerate[31].flip_1/flip_1/nand2_1/X1_X2_AND_1_o.
WARNING:Xst:2170 - Unit register32bit : the following signal(s) form a combinatorial loop: reggenerate[30].flip_1/flip_1/nand2_1/X1_X2_AND_1_o.
WARNING:Xst:2170 - Unit register32bit : the following signal(s) form a combinatorial loop: reggenerate[8].flip_1/flip_1/nand3_1/X1_X3_AND_3_o.
WARNING:Xst:2170 - Unit register32bit : the following signal(s) form a combinatorial loop: reggenerate[29].flip_1/flip_1/nand2_1/X1_X2_AND_1_o.
WARNING:Xst:2170 - Unit register32bit : the following signal(s) form a combinatorial loop: reggenerate[28].flip_1/flip_1/nand2_1/X1_X2_AND_1_o.
WARNING:Xst:2170 - Unit register32bit : the following signal(s) form a combinatorial loop: reggenerate[6].flip_1/flip_1/nand2_1/X1_X2_AND_1_o.
WARNING:Xst:2170 - Unit register32bit : the following signal(s) form a combinatorial loop: reggenerate[11].flip_1/flip_1/nand3_1/X1_X3_AND_3_o.
WARNING:Xst:2170 - Unit register32bit : the following signal(s) form a combinatorial loop: reggenerate[27].flip_1/flip_1/nand2_1/X1_X2_AND_1_o.
WARNING:Xst:2170 - Unit register32bit : the following signal(s) form a combinatorial loop: reggenerate[26].flip_1/flip_1/nand2_1/X1_X2_AND_1_o.
WARNING:Xst:2170 - Unit register32bit : the following signal(s) form a combinatorial loop: reggenerate[14].flip_1/flip_1/nand3_1/X1_X3_AND_3_o.
WARNING:Xst:2170 - Unit register32bit : the following signal(s) form a combinatorial loop: reggenerate[25].flip_1/flip_1/nand2_1/X1_X2_AND_1_o.
WARNING:Xst:2170 - Unit register32bit : the following signal(s) form a combinatorial loop: reggenerate[24].flip_1/flip_1/nand2_1/X1_X2_AND_1_o.
WARNING:Xst:2170 - Unit register32bit : the following signal(s) form a combinatorial loop: reggenerate[17].flip_1/flip_1/nand3_1/X1_X3_AND_3_o.

Optimizing unit <register32bit> ...

Mapping all equations...
Building and optimizing final netlist ...
Found area constraint ratio of 100 (+ 5) on block register32bit, actual ratio is 2.

Final Macro Processing ...

=========================================================================
Final Register Report

Found no macro
=========================================================================

=========================================================================
*                           Partition Report                            *
=========================================================================

Partition Implementation Status
-------------------------------

  No Partitions were found in this design.

-------------------------------

=========================================================================
*                            Design Summary                             *
=========================================================================

Top Level Output File Name         : register32bit.ngc

Primitive and Black Box Usage:
------------------------------
# BELS                             : 160
#      INV                         : 32
#      LUT2                        : 32
#      LUT4                        : 32
#      LUT5                        : 32
#      LUT6                        : 32
# IO Buffers                       : 67
#      IBUF                        : 35
#      OBUF                        : 32

Device utilization summary:
---------------------------

Selected Device : 6slx16csg324-3 


Slice Logic Utilization: 
 Number of Slice LUTs:                  160  out of   9112     1%  
    Number used as Logic:               160  out of   9112     1%  

Slice Logic Distribution: 
 Number of LUT Flip Flop pairs used:    160
   Number with an unused Flip Flop:     160  out of    160   100%  
   Number with an unused LUT:             0  out of    160     0%  
   Number of fully used LUT-FF pairs:     0  out of    160     0%  
   Number of unique control sets:         0

IO Utilization: 
 Number of IOs:                          67
 Number of bonded IOBs:                  67  out of    232    28%  

Specific Feature Utilization:

---------------------------
Partition Resource Summary:
---------------------------

  No Partitions were found in this design.

---------------------------


=========================================================================
Timing Report

NOTE: THESE TIMING NUMBERS ARE ONLY A SYNTHESIS ESTIMATE.
      FOR ACCURATE TIMING INFORMATION PLEASE REFER TO THE TRACE REPORT
      GENERATED AFTER PLACE-and-ROUTE.

Clock Information:
------------------
No clock signals found in this design

Asynchronous Control Signals Information:
----------------------------------------
No asynchronous control signals found in this design

Timing Summary:
---------------
Speed Grade: -3

   Minimum period: No path found
   Minimum input arrival time before clock: No path found
   Maximum output required time after clock: No path found
   Maximum combinational path delay: 10.328ns

Timing Details:
---------------
All values displayed in nanoseconds (ns)

=========================================================================
Timing constraint: Default path analysis
  Total number of paths / destination ports: 384 / 32
-------------------------------------------------------------------------
Delay:               10.328ns (Levels of Logic = 7)
  Source:            clk (PAD)
  Destination:       data_out<31> (PAD)

  Data Path: clk to data_out<31>
                                Gate     Net
    Cell:in->out      fanout   Delay   Delay  Logical Name (Net Name)
    ----------------------------------------  ------------
     IBUF:I->O            96   1.222   1.955  clk_IBUF (clk_IBUF)
     LUT2:I0->O            1   0.203   0.684  reggenerate[0].flip_1/flip_1/nand3_3/X1_X3_AND_3_o_SW0 (N2)
     LUT6:I4->O            3   0.203   0.651  reggenerate[0].flip_1/flip_1/nand3_3/X1_X3_AND_3_o (reggenerate[0].flip_1/flip_1/nand3_3/X1_X3_AND_3_o)
     LUT4:I3->O            3   0.205   0.995  reggenerate[0].flip_1/flip_1/nand3_1/X1_X3_AND_3_o1 (reggenerate[0].flip_1/flip_1/nand3_1/X1_X3_AND_3_o)
     LUT5:I0->O            3   0.203   0.650  reggenerate[0].flip_1/flip_1/nand2_1/X1_X2_AND_1_o1 (reggenerate[0].flip_1/flip_1/nand2_1/X1_X2_AND_1_o)
     INV:I->O              1   0.206   0.579  reggenerate[0].flip_1/flip_1/nand2_1/Y1_INV_0 (data_out_0_OBUF)
     OBUF:I->O                 2.571          data_out_0_OBUF (data_out<0>)
    ----------------------------------------
    Total                     10.328ns (4.813ns logic, 5.515ns route)
                                       (46.6% logic, 53.4% route)

=========================================================================

Cross Clock Domains Report:
--------------------------

=========================================================================


Total REAL time to Xst completion: 6.00 secs
Total CPU time to Xst completion: 5.55 secs
 
--> 

Total memory usage is 258768 kilobytes

Number of errors   :    0 (   0 filtered)
Number of warnings :   96 (   0 filtered)
Number of infos    :   32 (   0 filtered)

